This is pdfTeX, Version 3.1415926-1.40.10 (TeX Live 2009/Debian) (format=pdflatex 2011.3.14)  18 MAR 2011 06:52
entering extended mode
 restricted \write18 enabled.
 %&-line parsing enabled.
**report.tex
(./report.tex
LaTeX2e <2009/09/24>
Babel <v3.8l> and hyphenation patterns for english, usenglishmax, dumylang, noh
yphenation, farsi, arabic, croatian, bulgarian, ukrainian, russian, czech, slov
ak, danish, dutch, finnish, french, basque, ngerman, german, german-x-2009-06-1
9, ngerman-x-2009-06-19, ibycus, monogreek, greek, ancientgreek, hungarian, san
skrit, italian, latin, latvian, lithuanian, mongolian2a, mongolian, bokmal, nyn
orsk, romanian, irish, coptic, serbian, turkish, welsh, esperanto, uppersorbian
, estonian, indonesian, interlingua, icelandic, kurmanji, slovenian, polish, po
rtuguese, spanish, galician, catalan, swedish, ukenglish, pinyin, loaded.
(./IEEEtran11.cls
Document Style `IEEEtran' <30-August-1993>.
Upgraded to `IEEEtran.cls' <10-Jan.-1996> !PN
Rev. <15-May.-1996> !PN
(/usr/share/texmf-texlive/tex/latex/tools/rawfonts.sty
Package: rawfonts 1994/05/08 Low-level LaTeX 2.09 font compatibility

(/usr/share/texmf-texlive/tex/latex/tools/somedefs.sty
Package: somedefs 1994/06/01 v0.03 Toolkit for optional definitions
)
LaTeX Font Info:    Try loading font information for U+lasy on input line 45.

(/usr/share/texmf-texlive/tex/latex/base/ulasy.fd
File: ulasy.fd 1998/08/17 v2.2e LaTeX symbol font definitions
))
(/usr/share/texmf-texlive/tex/latex/base/oldlfont.sty
Package: oldlfont 1994/11/29 v2.2k Standard LaTeX package

(/usr/share/texmf-texlive/tex/latex/base/tracefnt.sty
Package: tracefnt 1997/05/29 v3.0j Standard LaTeX package (font tracing)
\tracingfonts=\count79
LaTeX Info: Redefining \selectfont on input line 101.
)
\symbold=\mathgroup4
\symsans=\mathgroup5
\symtypewriter=\mathgroup6
\symitalic=\mathgroup7
\symsmallcaps=\mathgroup8
\symslanted=\mathgroup9
LaTeX Font Info:    Redeclaring math alphabet \mathbf on input line 71.
LaTeX Font Info:    Redeclaring math alphabet \mathsf on input line 72.
LaTeX Font Info:    Redeclaring math alphabet \mathtt on input line 73.
LaTeX Font Info:    Redeclaring math alphabet \mathit on input line 79.
LaTeX Info: Redefining \em on input line 89.

(/usr/share/texmf-texlive/tex/latex/base/latexsym.sty
Package: latexsym 1998/08/17 v2.2e Standard LaTeX package (lasy symbols)
\symlasy=\mathgroup10
LaTeX Font Info:    Overwriting symbol font `lasy' in version `bold'
(Font)                  U/lasy/m/n --> U/lasy/b/n on input line 47.
))
(/usr/share/texmf-texlive/tex/latex/psnfss/times.sty
Package: times 2005/04/12 PSNFSS-v9.2a (SPQR) 
)
-- This is a 10 point document
\tmpitemindent=\dimen102
\c@section=\count80
\c@subsection=\count81
\c@subsubsection=\count82
\c@paragraph=\count83
\captionindent=\skip41
\c@figure=\count84
\c@table=\count85
) (/usr/share/texmf-texlive/tex/latex/comment/comment.sty
\CommentStream=\write3

Excluding comment 'comment')
(/usr/share/texmf-texlive/tex/latex/graphics/epsfig.sty
Package: epsfig 1999/02/16 v1.7a (e)psfig emulation (SPQR)

(/usr/share/texmf-texlive/tex/latex/graphics/graphicx.sty
Package: graphicx 1999/02/16 v1.0f Enhanced LaTeX Graphics (DPC,SPQR)

(/usr/share/texmf-texlive/tex/latex/graphics/keyval.sty
Package: keyval 1999/03/16 v1.13 key=value parser (DPC)
\KV@toks@=\toks14
)
(/usr/share/texmf-texlive/tex/latex/graphics/graphics.sty
Package: graphics 2009/02/05 v1.0o Standard LaTeX Graphics (DPC,SPQR)

(/usr/share/texmf-texlive/tex/latex/graphics/trig.sty
Package: trig 1999/03/16 v1.09 sin cos tan (DPC)
)
(/etc/texmf/tex/latex/config/graphics.cfg
File: graphics.cfg 2009/08/28 v1.8 graphics configuration of TeX Live
)
Package graphics Info: Driver file: pdftex.def on input line 91.

(/usr/share/texmf-texlive/tex/latex/pdftex-def/pdftex.def
File: pdftex.def 2010/03/12 v0.04p Graphics/color for pdfTeX
\Gread@gobject=\count86
))
\Gin@req@height=\dimen103
\Gin@req@width=\dimen104
)
\epsfxsize=\dimen105
\epsfysize=\dimen106
)
(/usr/share/texmf-texlive/tex/latex/base/fontenc.sty
Package: fontenc 2005/09/27 v1.99g Standard LaTeX package

(/usr/share/texmf-texlive/tex/latex/base/t1enc.def
File: t1enc.def 2005/09/27 v1.99g Standard LaTeX file
LaTeX Font Info:    Redeclaring font encoding T1 on input line 43.
))
(/usr/share/texmf-texlive/tex/latex/base/inputenc.sty
Package: inputenc 2008/03/30 v1.1d Input encoding file
\inpenc@prehook=\toks15
\inpenc@posthook=\toks16

(/usr/share/texmf-texlive/tex/latex/base/utf8.def
File: utf8.def 2008/04/05 v1.1m UTF-8 support for inputenc
Now handling font encoding OML ...
... no UTF-8 mapping file for font encoding OML
Now handling font encoding T1 ...
... processing UTF-8 mapping file for font encoding T1

(/usr/share/texmf-texlive/tex/latex/base/t1enc.dfu
File: t1enc.dfu 2008/04/05 v1.1m UTF-8 support for inputenc
   defining Unicode char U+00A1 (decimal 161)
   defining Unicode char U+00A3 (decimal 163)
   defining Unicode char U+00AB (decimal 171)
   defining Unicode char U+00BB (decimal 187)
   defining Unicode char U+00BF (decimal 191)
   defining Unicode char U+00C0 (decimal 192)
   defining Unicode char U+00C1 (decimal 193)
   defining Unicode char U+00C2 (decimal 194)
   defining Unicode char U+00C3 (decimal 195)
   defining Unicode char U+00C4 (decimal 196)
   defining Unicode char U+00C5 (decimal 197)
   defining Unicode char U+00C6 (decimal 198)
   defining Unicode char U+00C7 (decimal 199)
   defining Unicode char U+00C8 (decimal 200)
   defining Unicode char U+00C9 (decimal 201)
   defining Unicode char U+00CA (decimal 202)
   defining Unicode char U+00CB (decimal 203)
   defining Unicode char U+00CC (decimal 204)
   defining Unicode char U+00CD (decimal 205)
   defining Unicode char U+00CE (decimal 206)
   defining Unicode char U+00CF (decimal 207)
   defining Unicode char U+00D0 (decimal 208)
   defining Unicode char U+00D1 (decimal 209)
   defining Unicode char U+00D2 (decimal 210)
   defining Unicode char U+00D3 (decimal 211)
   defining Unicode char U+00D4 (decimal 212)
   defining Unicode char U+00D5 (decimal 213)
   defining Unicode char U+00D6 (decimal 214)
   defining Unicode char U+00D8 (decimal 216)
   defining Unicode char U+00D9 (decimal 217)
   defining Unicode char U+00DA (decimal 218)
   defining Unicode char U+00DB (decimal 219)
   defining Unicode char U+00DC (decimal 220)
   defining Unicode char U+00DD (decimal 221)
   defining Unicode char U+00DE (decimal 222)
   defining Unicode char U+00DF (decimal 223)
   defining Unicode char U+00E0 (decimal 224)
   defining Unicode char U+00E1 (decimal 225)
   defining Unicode char U+00E2 (decimal 226)
   defining Unicode char U+00E3 (decimal 227)
   defining Unicode char U+00E4 (decimal 228)
   defining Unicode char U+00E5 (decimal 229)
   defining Unicode char U+00E6 (decimal 230)
   defining Unicode char U+00E7 (decimal 231)
   defining Unicode char U+00E8 (decimal 232)
   defining Unicode char U+00E9 (decimal 233)
   defining Unicode char U+00EA (decimal 234)
   defining Unicode char U+00EB (decimal 235)
   defining Unicode char U+00EC (decimal 236)
   defining Unicode char U+00ED (decimal 237)
   defining Unicode char U+00EE (decimal 238)
   defining Unicode char U+00EF (decimal 239)
   defining Unicode char U+00F0 (decimal 240)
   defining Unicode char U+00F1 (decimal 241)
   defining Unicode char U+00F2 (decimal 242)
   defining Unicode char U+00F3 (decimal 243)
   defining Unicode char U+00F4 (decimal 244)
   defining Unicode char U+00F5 (decimal 245)
   defining Unicode char U+00F6 (decimal 246)
   defining Unicode char U+00F8 (decimal 248)
   defining Unicode char U+00F9 (decimal 249)
   defining Unicode char U+00FA (decimal 250)
   defining Unicode char U+00FB (decimal 251)
   defining Unicode char U+00FC (decimal 252)
   defining Unicode char U+00FD (decimal 253)
   defining Unicode char U+00FE (decimal 254)
   defining Unicode char U+00FF (decimal 255)
   defining Unicode char U+0102 (decimal 258)
   defining Unicode char U+0103 (decimal 259)
   defining Unicode char U+0104 (decimal 260)
   defining Unicode char U+0105 (decimal 261)
   defining Unicode char U+0106 (decimal 262)
   defining Unicode char U+0107 (decimal 263)
   defining Unicode char U+010C (decimal 268)
   defining Unicode char U+010D (decimal 269)
   defining Unicode char U+010E (decimal 270)
   defining Unicode char U+010F (decimal 271)
   defining Unicode char U+0110 (decimal 272)
   defining Unicode char U+0111 (decimal 273)
   defining Unicode char U+0118 (decimal 280)
   defining Unicode char U+0119 (decimal 281)
   defining Unicode char U+011A (decimal 282)
   defining Unicode char U+011B (decimal 283)
   defining Unicode char U+011E (decimal 286)
   defining Unicode char U+011F (decimal 287)
   defining Unicode char U+0130 (decimal 304)
   defining Unicode char U+0131 (decimal 305)
   defining Unicode char U+0132 (decimal 306)
   defining Unicode char U+0133 (decimal 307)
   defining Unicode char U+0139 (decimal 313)
   defining Unicode char U+013A (decimal 314)
   defining Unicode char U+013D (decimal 317)
   defining Unicode char U+013E (decimal 318)
   defining Unicode char U+0141 (decimal 321)
   defining Unicode char U+0142 (decimal 322)
   defining Unicode char U+0143 (decimal 323)
   defining Unicode char U+0144 (decimal 324)
   defining Unicode char U+0147 (decimal 327)
   defining Unicode char U+0148 (decimal 328)
   defining Unicode char U+014A (decimal 330)
   defining Unicode char U+014B (decimal 331)
   defining Unicode char U+0150 (decimal 336)
   defining Unicode char U+0151 (decimal 337)
   defining Unicode char U+0152 (decimal 338)
   defining Unicode char U+0153 (decimal 339)
   defining Unicode char U+0154 (decimal 340)
   defining Unicode char U+0155 (decimal 341)
   defining Unicode char U+0158 (decimal 344)
   defining Unicode char U+0159 (decimal 345)
   defining Unicode char U+015A (decimal 346)
   defining Unicode char U+015B (decimal 347)
   defining Unicode char U+015E (decimal 350)
   defining Unicode char U+015F (decimal 351)
   defining Unicode char U+0160 (decimal 352)
   defining Unicode char U+0161 (decimal 353)
   defining Unicode char U+0162 (decimal 354)
   defining Unicode char U+0163 (decimal 355)
   defining Unicode char U+0164 (decimal 356)
   defining Unicode char U+0165 (decimal 357)
   defining Unicode char U+016E (decimal 366)
   defining Unicode char U+016F (decimal 367)
   defining Unicode char U+0170 (decimal 368)
   defining Unicode char U+0171 (decimal 369)
   defining Unicode char U+0178 (decimal 376)
   defining Unicode char U+0179 (decimal 377)
   defining Unicode char U+017A (decimal 378)
   defining Unicode char U+017B (decimal 379)
   defining Unicode char U+017C (decimal 380)
   defining Unicode char U+017D (decimal 381)
   defining Unicode char U+017E (decimal 382)
   defining Unicode char U+200C (decimal 8204)
   defining Unicode char U+2013 (decimal 8211)
   defining Unicode char U+2014 (decimal 8212)
   defining Unicode char U+2018 (decimal 8216)
   defining Unicode char U+2019 (decimal 8217)
   defining Unicode char U+201A (decimal 8218)
   defining Unicode char U+201C (decimal 8220)
   defining Unicode char U+201D (decimal 8221)
   defining Unicode char U+201E (decimal 8222)
   defining Unicode char U+2030 (decimal 8240)
   defining Unicode char U+2031 (decimal 8241)
   defining Unicode char U+2039 (decimal 8249)
   defining Unicode char U+203A (decimal 8250)
   defining Unicode char U+2423 (decimal 9251)
)
Now handling font encoding OT1 ...
... processing UTF-8 mapping file for font encoding OT1

(/usr/share/texmf-texlive/tex/latex/base/ot1enc.dfu
File: ot1enc.dfu 2008/04/05 v1.1m UTF-8 support for inputenc
   defining Unicode char U+00A1 (decimal 161)
   defining Unicode char U+00A3 (decimal 163)
   defining Unicode char U+00B8 (decimal 184)
   defining Unicode char U+00BF (decimal 191)
   defining Unicode char U+00C5 (decimal 197)
   defining Unicode char U+00C6 (decimal 198)
   defining Unicode char U+00D8 (decimal 216)
   defining Unicode char U+00DF (decimal 223)
   defining Unicode char U+00E6 (decimal 230)
   defining Unicode char U+00EC (decimal 236)
   defining Unicode char U+00ED (decimal 237)
   defining Unicode char U+00EE (decimal 238)
   defining Unicode char U+00EF (decimal 239)
   defining Unicode char U+00F8 (decimal 248)
   defining Unicode char U+0131 (decimal 305)
   defining Unicode char U+0141 (decimal 321)
   defining Unicode char U+0142 (decimal 322)
   defining Unicode char U+0152 (decimal 338)
   defining Unicode char U+0153 (decimal 339)
   defining Unicode char U+2013 (decimal 8211)
   defining Unicode char U+2014 (decimal 8212)
   defining Unicode char U+2018 (decimal 8216)
   defining Unicode char U+2019 (decimal 8217)
   defining Unicode char U+201C (decimal 8220)
   defining Unicode char U+201D (decimal 8221)
)
Now handling font encoding OMS ...
... processing UTF-8 mapping file for font encoding OMS

(/usr/share/texmf-texlive/tex/latex/base/omsenc.dfu
File: omsenc.dfu 2008/04/05 v1.1m UTF-8 support for inputenc
   defining Unicode char U+00A7 (decimal 167)
   defining Unicode char U+00B6 (decimal 182)
   defining Unicode char U+00B7 (decimal 183)
   defining Unicode char U+2020 (decimal 8224)
   defining Unicode char U+2021 (decimal 8225)
   defining Unicode char U+2022 (decimal 8226)
)
Now handling font encoding OMX ...
... no UTF-8 mapping file for font encoding OMX
Now handling font encoding U ...
... no UTF-8 mapping file for font encoding U
   defining Unicode char U+00A9 (decimal 169)
   defining Unicode char U+00AA (decimal 170)
   defining Unicode char U+00AE (decimal 174)
   defining Unicode char U+00BA (decimal 186)
   defining Unicode char U+02C6 (decimal 710)
   defining Unicode char U+02DC (decimal 732)
   defining Unicode char U+200C (decimal 8204)
   defining Unicode char U+2026 (decimal 8230)
   defining Unicode char U+2122 (decimal 8482)
   defining Unicode char U+2423 (decimal 9251)
))
(/usr/share/texmf-texlive/tex/latex/subfigure/subfigure.sty
Package: subfigure 2002/03/15 v2.1.5 subfigure package


Package subfigure Warning: Your document class has a bad definition
 of \endfigure, most likely
 \let\endfigure=\end@float
 which has now been changed to
 \def\endfigure{\end@float}
 because otherwise subsequent changes to \end@float
 (like done by several packages changing float behaviour)
 can't take effect on \endfigure.
 Please complain to your document class author.


Package subfigure Warning: Your document class has a bad definition
 of \endtable, most likely
 \let\endtable=\end@float
 which has now been changed to
 \def\endtable{\end@float}
 because otherwise subsequent changes to \end@float
 (like done by several packages changing float behaviour)
 can't take effect on \endtable.
 Please complain to your document class author.

\subfigtopskip=\skip42
\subfigcapskip=\skip43
\subfigcaptopadj=\dimen107
\subfigbottomskip=\skip44
\subfigcapmargin=\dimen108
\subfiglabelskip=\skip45
\c@subfigure=\count87
\c@lofdepth=\count88
\c@subtable=\count89
\c@lotdepth=\count90
****************************************
* Local config file subfigure.cfg used *
****************************************
(/usr/share/texmf-texlive/tex/latex/subfigure/subfigure.cfg)
\subfig@top=\skip46
\subfig@bottom=\skip47
)
(/usr/share/texmf-texlive/tex/latex/ltxmisc/url.sty
\Urlmuskip=\muskip10
Package: url 2006/04/12  ver 3.3  Verb mode for urls, etc.
) (./report.aux)
\openout1 = `report.aux'.

LaTeX Font Info:    Checking defaults for OML/cmm/m/it on input line 26.
LaTeX Font Info:    ... okay on input line 26.
LaTeX Font Info:    Checking defaults for T1/cmr/m/n on input line 26.
LaTeX Font Info:    ... okay on input line 26.
LaTeX Font Info:    Checking defaults for OT1/cmr/m/n on input line 26.
LaTeX Font Info:    ... okay on input line 26.
LaTeX Font Info:    Checking defaults for OMS/cmsy/m/n on input line 26.
LaTeX Font Info:    ... okay on input line 26.
LaTeX Font Info:    Checking defaults for OMX/cmex/m/n on input line 26.
LaTeX Font Info:    ... okay on input line 26.
LaTeX Font Info:    Checking defaults for U/cmr/m/n on input line 26.
LaTeX Font Info:    ... okay on input line 26.
LaTeX Font Info:    Try loading font information for T1+ptm on input line 26.

(/usr/share/texmf-texlive/tex/latex/psnfss/t1ptm.fd
File: t1ptm.fd 2001/06/04 font definitions for T1/ptm.
)
(/usr/share/texmf/tex/context/base/supp-pdf.mkii
[Loading MPS to PDF converter (version 2006.09.02).]
\scratchcounter=\count91
\scratchdimen=\dimen109
\scratchbox=\box26
\nofMPsegments=\count92
\nofMParguments=\count93
\everyMPshowfont=\toks17
\MPscratchCnt=\count94
\MPscratchDim=\dimen110
\MPnumerator=\count95
\everyMPtoPDFconversion=\toks18
)
LaTeX Font Info:    Font shape `T1/ptm/bx/n' in size <14.4> not available
(Font)              Font shape `T1/ptm/b/n' tried instead on input line 38.
LaTeX Font Info:    Font shape `T1/ptm/bx/n' in size <8> not available
(Font)              Font shape `T1/ptm/b/n' tried instead on input line 41.
LaTeX Font Info:    External font `cmex10' loaded for size
(Font)              <8> on input line 41.
LaTeX Font Info:    External font `cmex10' loaded for size
(Font)              <6> on input line 41.
LaTeX Font Info:    External font `cmex10' loaded for size
(Font)              <5> on input line 41.
 (./intro.tex [1{/var/lib/texmf/fonts/map/pdftex/updmap/pdftex.map}


])
(./datacollection.tex

Package pdftex.def Warning: Option `bb' does not make sense,
(pdftex.def)                using `viewport' instead on input line 3.

<./images/lang-core.png, id=8, 803.0pt x 501.875pt>
File: ./images/lang-core.png Graphic file (type png)

<use ./images/lang-core.png>

Package pdftex.def Warning: Option `bb' does not make sense,
(pdftex.def)                using `viewport' instead on input line 11.

<./images/lang-rand.png, id=9, 803.0pt x 501.875pt>
File: ./images/lang-rand.png Graphic file (type png)

<use ./images/lang-rand.png>

Package pdftex.def Warning: Option `bb' does not make sense,
(pdftex.def)                using `viewport' instead on input line 19.

<./images/loca-conn.png, id=10, 803.0pt x 501.875pt>
File: ./images/loca-conn.png Graphic file (type png)

<use ./images/loca-conn.png>

Package pdftex.def Warning: Option `bb' does not make sense,
(pdftex.def)                using `viewport' instead on input line 27.

<./images/loca-rand.png, id=11, 803.0pt x 501.875pt>
File: ./images/loca-rand.png Graphic file (type png)

<use ./images/loca-rand.png>

Package pdftex.def Warning: Option `bb' does not make sense,
(pdftex.def)                using `viewport' instead on input line 35.

<./images/loca-actu.png, id=12, 803.0pt x 501.875pt>
File: ./images/loca-actu.png Graphic file (type png)

<use ./images/loca-actu.png>
Underfull \vbox (badness 1354) has occurred while \output is active []

 [2 <./images/lang-core.png (PNG copy)> <./images/lang-rand.png (PNG copy)> <./
images/loca-conn.png (PNG copy)> <./images/loca-rand.png (PNG copy)> <./images/
loca-actu.png (PNG copy)>]

Package pdftex.def Warning: Option `bb' does not make sense,
(pdftex.def)                using `viewport' instead on input line 57.

<./images/Bates-Final/CDF.png, id=16, 642.4pt x 481.8pt>
File: ./images/Bates-Final/CDF.png Graphic file (type png)

<use ./images/Bates-Final/CDF.png>
LaTeX Font Info:    Font shape `T1/ptm/bx/n' in size <10> not available
(Font)              Font shape `T1/ptm/b/n' tried instead on input line 62.


LaTeX Warning: Reference `cdf' on page 3 undefined on input line 62.

LaTeX Font Info:    External font `cmex10' loaded for size
(Font)              <7> on input line 75.

Underfull \hbox (badness 10000) in paragraph at lines 87--88

 []


Underfull \hbox (badness 1648) in paragraph at lines 93--94
[]\T1/ptm/m/n/10 Users have seven choices for the lan-guage at-tribute.
 []

[3 <./images/Bates-Final/CDF.png (PNG copy)>]
Underfull \hbox (badness 10000) in paragraph at lines 108--109

 []


Package pdftex.def Warning: Option `bb' does not make sense,
(pdftex.def)                using `viewport' instead on input line 122.

<./images/Bates-Final/followercount.png, id=21, 1028.34187pt x 365.11406pt>
File: ./images/Bates-Final/followercount.png Graphic file (type png)

<use ./images/Bates-Final/followercount.png>

Package pdftex.def Warning: Option `bb' does not make sense,
(pdftex.def)                using `viewport' instead on input line 130.

<./images/Bates-Final/friendscount.png, id=22, 1030.60031pt x 377.91188pt>
File: ./images/Bates-Final/friendscount.png Graphic file (type png)

<use ./images/Bates-Final/friendscount.png>) (./methodology.tex [4]

Package pdftex.def Warning: Option `bb' does not make sense,
(pdftex.def)                using `viewport' instead on input line 33.

<./images/Bates-Final/statusescount.png, id=28, 1044.15094pt x 379.4175pt>
File: ./images/Bates-Final/statusescount.png Graphic file (type png)

<use ./images/Bates-Final/statusescount.png>

Package pdftex.def Warning: Option `bb' does not make sense,
(pdftex.def)                using `viewport' instead on input line 41.

<./images/utc_offset.png, id=29, 843.15pt x 316.18124pt>
File: ./images/utc_offset.png Graphic file (type png)

<use ./images/utc_offset.png>) (./analysis.tex

pdfTeX warning: /usr/bin/pdflatex (file ./images/ca.pdf): PDF inclusion: found 
PDF version <1.5>, but at most version <1.4> allowed
<./images/ca.pdf, id=30, 770.07701pt x 476.179pt>
File: ./images/ca.pdf Graphic file (type pdf)
 <use ./images/ca.pdf>

pdfTeX warning: /usr/bin/pdflatex (file ./images/tx.pdf): PDF inclusion: found 
PDF version <1.5>, but at most version <1.4> allowed
<./images/tx.pdf, id=32, 770.07701pt x 476.179pt>
File: ./images/tx.pdf Graphic file (type pdf)
 <use ./images/tx.pdf>

pdfTeX warning: /usr/bin/pdflatex (file ./images/ny.pdf): PDF inclusion: found 
PDF version <1.5>, but at most version <1.4> allowed
<./images/ny.pdf, id=34, 770.07701pt x 476.179pt>
File: ./images/ny.pdf Graphic file (type pdf)
 <use ./images/ny.pdf>

pdfTeX warning: /usr/bin/pdflatex (file ./images/fl.pdf): PDF inclusion: found 
PDF version <1.5>, but at most version <1.4> allowed
<./images/fl.pdf, id=36, 770.07701pt x 476.179pt>
File: ./images/fl.pdf Graphic file (type pdf)
 <use ./images/fl.pdf>

pdfTeX warning: /usr/bin/pdflatex (file ./images/il.pdf): PDF inclusion: found 
PDF version <1.5>, but at most version <1.4> allowed
<./images/il.pdf, id=38, 770.07701pt x 476.179pt>
File: ./images/il.pdf Graphic file (type pdf)
 <use ./images/il.pdf>

pdfTeX warning: /usr/bin/pdflatex (file ./images/ga.pdf): PDF inclusion: found 
PDF version <1.5>, but at most version <1.4> allowed
<./images/ga.pdf, id=40, 770.07701pt x 476.179pt>
File: ./images/ga.pdf Graphic file (type pdf)
 <use ./images/ga.pdf>

pdfTeX warning: /usr/bin/pdflatex (file ./images/oh.pdf): PDF inclusion: found 
PDF version <1.5>, but at most version <1.4> allowed
<./images/oh.pdf, id=42, 770.07701pt x 476.179pt>
File: ./images/oh.pdf Graphic file (type pdf)
 <use ./images/oh.pdf>

pdfTeX warning: /usr/bin/pdflatex (file ./images/pa.pdf): PDF inclusion: found 
PDF version <1.5>, but at most version <1.4> allowed
<./images/pa.pdf, id=44, 770.07701pt x 476.179pt>
File: ./images/pa.pdf Graphic file (type pdf)
 <use ./images/pa.pdf>

pdfTeX warning: /usr/bin/pdflatex (file ./images/wa.pdf): PDF inclusion: found 
PDF version <1.5>, but at most version <1.4> allowed
<./images/wa.pdf, id=46, 770.07701pt x 476.179pt>
File: ./images/wa.pdf Graphic file (type pdf)
 <use ./images/wa.pdf>

pdfTeX warning: /usr/bin/pdflatex (file ./images/nc.pdf): PDF inclusion: found 
PDF version <1.5>, but at most version <1.4> allowed
<./images/nc.pdf, id=48, 770.07701pt x 476.179pt>
File: ./images/nc.pdf Graphic file (type pdf)
 <use ./images/nc.pdf>
[5 <./images/Bates-Final/followercount.png (PNG copy)> <./images/Bates-Final/fr
iendscount.png (PNG copy)>]
Underfull \vbox (badness 10000) has occurred while \output is active []


Underfull \vbox (badness 10000) has occurred while \output is active []

 [6 <./images/Bates-Final/statusescount.png (PNG copy)> <./images/utc_offset.pn
g (PNG copy)> <./images/ca.pdf> <./images/tx.pdf> <./images/ny.pdf> <./images/f
l.pdf> <./images/il.pdf> <./images/ga.pdf>]

Package pdftex.def Warning: Option `bb' does not make sense,
(pdftex.def)                using `viewport' instead on input line 87.

<./images/Bates-Final/listedcount.png, id=65, 1029.8475pt x 381.67593pt>
File: ./images/Bates-Final/listedcount.png Graphic file (type png)

<use ./images/Bates-Final/listedcount.png>
Underfull \vbox (badness 5064) has occurred while \output is active []


Underfull \vbox (badness 2134) has occurred while \output is active []

 [7 <./images/oh.pdf> <./images/pa.pdf> <./images/wa.pdf> <./images/nc.pdf>]

Package pdftex.def Warning: Option `bb' does not make sense,
(pdftex.def)                using `viewport' instead on input line 109.

<./images/Bates-Final/lang.png, id=74, 425.33907pt x 194.97844pt>
File: ./images/Bates-Final/lang.png Graphic file (type png)

<use ./images/Bates-Final/lang.png>

Package pdftex.def Warning: Option `bb' does not make sense,
(pdftex.def)                using `viewport' instead on input line 117.

<./images/protected.png, id=75, 188.20313pt x 85.82062pt>
File: ./images/protected.png Graphic file (type png)

<use ./images/protected.png>

Package pdftex.def Warning: Option `bb' does not make sense,
(pdftex.def)                using `viewport' instead on input line 125.

<./images/geoenabled.png, id=76, 214.55156pt x 80.55093pt>
File: ./images/geoenabled.png Graphic file (type png)

<use ./images/geoenabled.png>
Underfull \hbox (badness 10000) in paragraph at lines 142--142
[]\T1/ptm/m/n/10 Difference be-tween ac-count
 []


Overfull \hbox (147.784pt too wide) in paragraph at lines 135--144
[] 
 []


Underfull \hbox (badness 10000) in paragraph at lines 147--148

 []


Underfull \vbox (badness 1622) has occurred while \output is active []

)
(./related-work.tex) [8 <./images/Bates-Final/listedcount.png (PNG copy)> <./im
ages/Bates-Final/lang.png (PNG copy)> <./images/protected.png (PNG copy)> <./im
ages/geoenabled.png (PNG copy)>] (./conclusion.tex) (./report.bbl
Underfull \hbox (badness 10000) detected at line 3
\T1/ptm/m/n/8 [1]
 []


Underfull \hbox (badness 10000) detected at line 7
\T1/ptm/m/n/8 [2]
 []


Underfull \hbox (badness 10000) detected at line 13
\T1/ptm/m/n/8 [3]
 []


Underfull \hbox (badness 10000) detected at line 19
\T1/ptm/m/n/8 [4]
 []


Underfull \hbox (badness 10000) detected at line 24
\T1/ptm/m/n/8 [5]
 []


Underfull \hbox (badness 10000) detected at line 31
\T1/ptm/m/n/8 [6]
 []


Underfull \hbox (badness 10000) detected at line 37
\T1/ptm/m/n/8 [7]
 []


Underfull \hbox (badness 10000) detected at line 45
\T1/ptm/m/n/8 [8]
 []


Underfull \hbox (badness 10000) detected at line 52
\T1/ptm/m/n/8 [9]
 []

) [9] (./user-attributes.tex
Underfull \hbox (badness 10000) in paragraph at lines 77--2

 []


Underfull \hbox (badness 10000) in paragraph at lines 5--5
[]\T1/ptm/b/n/10 # of Bas-kets
 []


Underfull \hbox (badness 10000) in paragraph at lines 10--10
[]\T1/ptm/m/n/10 Difference be-tween ac-count
 []


Underfull \hbox (badness 3635) in paragraph at lines 19--19
[]\T1/ptm/m/n/10 Contributors En-
 []


Underfull \hbox (badness 2376) in paragraph at lines 21--21
[]\T1/ptm/m/n/10 Show All In-line
 []

) (./cross-attribute.tex)
Underfull \vbox (badness 10000) has occurred while \output is active []

 [10

]
[11] (./report.aux)

LaTeX Warning: There were undefined references.

 ) 
Here is how much of TeX's memory you used:
 2110 strings out of 493848
 26261 string characters out of 1152823
 102631 words of memory out of 3000000
 5280 multiletter control sequences out of 15000+50000
 61740 words of font info for 119 fonts, out of 3000000 for 9000
 714 hyphenation exceptions out of 8191
 32i,8n,24p,1016b,315s stack positions out of 5000i,500n,10000p,200000b,50000s
{/usr/share/texmf-texlive/fonts/enc/dvips/base/8r.enc}</usr/share/texmf-texli
ve/fonts/type1/public/amsfonts/cm/cmex10.pfb></usr/share/texmf-texlive/fonts/ty
pe1/public/amsfonts/cm/cmmi10.pfb></usr/share/texmf-texlive/fonts/type1/public/
amsfonts/cm/cmmi7.pfb></usr/share/texmf-texlive/fonts/type1/public/amsfonts/cm/
cmr10.pfb></usr/share/texmf-texlive/fonts/type1/public/amsfonts/cm/cmsy10.pfb><
/usr/share/texmf-texlive/fonts/type1/urw/times/utmb8a.pfb></usr/share/texmf-tex
live/fonts/type1/urw/times/utmr8a.pfb></usr/share/texmf-texlive/fonts/type1/urw
/times/utmri8a.pfb>
Output written on report.pdf (11 pages, 1193101 bytes).
PDF statistics:
 116 PDF objects out of 1000 (max. 8388607)
 0 named destinations out of 1000 (max. 500000)
 121 words of extra memory for PDF output out of 10000 (max. 10000000)

